

Processing Rails::InfoController#properties (for 127.0.0.1 at 2010-04-17 10:43:14) [GET]
  [4;36;1mSQL (0.4ms)[0m   [0;1m SELECT name
 FROM sqlite_master
 WHERE type = 'table' AND NOT name = 'sqlite_sequence'
[0m
Completed in 102ms (View: 15, DB: 0) | 200 OK [http://localhost/rails/info/properties]


Processing Rails::InfoController#properties (for 127.0.0.1 at 2010-04-17 11:05:29) [GET]
  [4;35;1mSQL (0.3ms)[0m   [0m SELECT name
 FROM sqlite_master
 WHERE type = 'table' AND NOT name = 'sqlite_sequence'
[0m
Completed in 16ms (View: 2, DB: 0) | 200 OK [http://localhost/rails/info/properties]


Processing ApplicationController#index (for 127.0.0.1 at 2010-04-17 11:05:36) [GET]

ActionController::RoutingError (No route matches "/Test_Model/" with {:method=>:get}):
  

Rendering rescues/layout (not_found)


Processing ApplicationController#index (for 127.0.0.1 at 2010-04-17 11:05:41) [GET]

ActionController::RoutingError (No route matches "/TestModel/" with {:method=>:get}):
  

Rendering rescues/layout (not_found)


Processing TestModelsController#index (for 127.0.0.1 at 2010-04-17 11:06:00) [GET]
  [4;36;1mTestModel Load (0.0ms)[0m   [0;1mSQLite3::SQLException: no such table: test_models: SELECT * FROM "test_models" [0m

ActiveRecord::StatementInvalid (SQLite3::SQLException: no such table: test_models: SELECT * FROM "test_models" ):
  app/controllers/test_models_controller.rb:5:in `index'

Rendered rescues/_trace (62.1ms)
Rendered rescues/_request_and_response (1.8ms)
Rendering rescues/layout (internal_server_error)
  [4;36;1mSQL (0.3ms)[0m   [0;1m SELECT name
 FROM sqlite_master
 WHERE type = 'table' AND NOT name = 'sqlite_sequence'
[0m
  [4;35;1mSQL (0.2ms)[0m   [0mselect sqlite_version(*)[0m
  [4;36;1mSQL (4.5ms)[0m   [0;1mCREATE TABLE "schema_migrations" ("version" varchar(255) NOT NULL) [0m
  [4;35;1mSQL (2.5ms)[0m   [0mCREATE UNIQUE INDEX "unique_schema_migrations" ON "schema_migrations" ("version")[0m
  [4;36;1mSQL (0.3ms)[0m   [0;1m SELECT name
 FROM sqlite_master
 WHERE type = 'table' AND NOT name = 'sqlite_sequence'
[0m
  [4;35;1mSQL (0.1ms)[0m   [0mSELECT version FROM schema_migrations[0m
Migrating to CreateTestModels (20100417160508)
  [4;36;1mSQL (0.7ms)[0m   [0;1mCREATE TABLE "test_models" ("id" INTEGER PRIMARY KEY AUTOINCREMENT NOT NULL, "name" varchar(255), "created_at" datetime, "updated_at" datetime) [0m
  [4;35;1mSQL (0.2ms)[0m   [0mINSERT INTO schema_migrations (version) VALUES ('20100417160508')[0m
Migrating to CreateRestaurants (20100417160921)
  [4;36;1mSQL (0.7ms)[0m   [0;1mCREATE TABLE "restaurants" ("id" INTEGER PRIMARY KEY AUTOINCREMENT NOT NULL, "name" varchar(255), "address" varchar(255), "cuisine" varchar(255), "starthour" varchar(255), "endhour" varchar(255), "created_at" datetime, "updated_at" datetime) [0m
  [4;35;1mSQL (0.2ms)[0m   [0mINSERT INTO schema_migrations (version) VALUES ('20100417160921')[0m
  [4;36;1mSQL (0.5ms)[0m   [0;1m SELECT name
 FROM sqlite_master
 WHERE type = 'table' AND NOT name = 'sqlite_sequence'
[0m
  [4;35;1mSQL (0.2ms)[0m   [0mSELECT version FROM schema_migrations[0m
  [4;36;1mSQL (0.3ms)[0m   [0;1m SELECT name
 FROM sqlite_master
 WHERE type = 'table' AND NOT name = 'sqlite_sequence'
[0m
  [4;35;1mSQL (0.1ms)[0m   [0mPRAGMA index_list("restaurants")[0m
  [4;36;1mSQL (0.1ms)[0m   [0;1mPRAGMA index_list("test_models")[0m


Processing Rails::InfoController#properties (for 127.0.0.1 at 2010-04-17 11:10:04) [GET]
  [4;36;1mSQL (0.8ms)[0m   [0;1m SELECT name
 FROM sqlite_master
 WHERE type = 'table' AND NOT name = 'sqlite_sequence'
[0m
  [4;35;1mSQL (0.3ms)[0m   [0mSELECT version FROM schema_migrations[0m
Completed in 77ms (View: 3, DB: 1) | 200 OK [http://localhost/rails/info/properties]


Processing RestaurantsController#index (for 127.0.0.1 at 2010-04-17 11:10:08) [GET]
  [4;36;1mRestaurant Load (0.5ms)[0m   [0;1mSELECT * FROM "restaurants" [0m
Rendering template within layouts/restaurants
Rendering restaurants/index
Completed in 148ms (View: 142, DB: 0) | 200 OK [http://localhost/Restaurants/]
  [4;36;1mSQL (0.6ms)[0m   [0;1m SELECT name
 FROM sqlite_master
 WHERE type = 'table' AND NOT name = 'sqlite_sequence'
[0m
  [4;35;1mSQL (0.2ms)[0m   [0mSELECT version FROM schema_migrations[0m
Migrating to CreateTestModels (20100417160508)
Migrating to CreateRestaurants (20100417160921)
Migrating to AddStreetaddressToRestaurant (20100417163925)
  [4;36;1mSQL (0.1ms)[0m   [0;1mselect sqlite_version(*)[0m
  [4;35;1mSQL (55.7ms)[0m   [0mALTER TABLE "restaurants" ADD "streetaddress" varchar(255)[0m
  [4;36;1mSQL (0.2ms)[0m   [0;1mINSERT INTO schema_migrations (version) VALUES ('20100417163925')[0m
  [4;35;1mSQL (0.5ms)[0m   [0m SELECT name
 FROM sqlite_master
 WHERE type = 'table' AND NOT name = 'sqlite_sequence'
[0m
  [4;36;1mSQL (0.3ms)[0m   [0;1mSELECT version FROM schema_migrations[0m
  [4;35;1mSQL (0.2ms)[0m   [0m SELECT name
 FROM sqlite_master
 WHERE type = 'table' AND NOT name = 'sqlite_sequence'
[0m
  [4;36;1mSQL (0.1ms)[0m   [0;1mPRAGMA index_list("restaurants")[0m
  [4;35;1mSQL (0.1ms)[0m   [0mPRAGMA index_list("test_models")[0m


Processing RestaurantsController#index (for 127.0.0.1 at 2010-04-17 11:40:22) [GET]
  [4;35;1mRestaurant Load (0.5ms)[0m   [0mSELECT * FROM "restaurants" [0m
Rendering template within layouts/restaurants
Rendering restaurants/index
Completed in 9ms (View: 2, DB: 1) | 200 OK [http://localhost/Restaurants/]


Processing RestaurantsController#index (for 127.0.0.1 at 2010-04-17 11:40:24) [GET]
  [4;36;1mRestaurant Load (0.6ms)[0m   [0;1mSELECT * FROM "restaurants" [0m
Rendering template within layouts/restaurants
Rendering restaurants/index
Completed in 8ms (View: 2, DB: 1) | 200 OK [http://localhost/Restaurants/]


Processing RestaurantsController#new (for 127.0.0.1 at 2010-04-17 11:40:26) [GET]
Rendering template within layouts/restaurants
Rendering restaurants/new
Completed in 24ms (View: 18, DB: 0) | 200 OK [http://localhost/restaurants/new]
  [4;36;1mSQL (0.6ms)[0m   [0;1m SELECT name
 FROM sqlite_master
 WHERE type = 'table' AND NOT name = 'sqlite_sequence'
[0m
  [4;35;1mSQL (0.3ms)[0m   [0mSELECT version FROM schema_migrations[0m
Migrating to CreateTestModels (20100417160508)
Migrating to AddStreetaddressToRestaurant (20100417163925)
  [4;36;1mSQL (0.6ms)[0m   [0;1m SELECT name
 FROM sqlite_master
 WHERE type = 'table' AND NOT name = 'sqlite_sequence'
[0m
  [4;35;1mSQL (0.3ms)[0m   [0mSELECT version FROM schema_migrations[0m
Migrating to CreateTestModels (20100417160508)
Migrating to AddStreetaddressToRestaurant (20100417163925)
  [4;36;1mSQL (0.2ms)[0m   [0;1mselect sqlite_version(*)[0m
  [4;35;1mSQL (0.3ms)[0m   [0m SELECT name
 FROM sqlite_master
 WHERE type = 'table' AND NOT name = 'sqlite_sequence'
[0m
  [4;36;1mSQL (0.3ms)[0m   [0;1mSELECT version FROM schema_migrations[0m
  [4;35;1mSQL (0.3ms)[0m   [0m SELECT name
 FROM sqlite_master
 WHERE type = 'table' AND NOT name = 'sqlite_sequence'
[0m
  [4;36;1mSQL (0.1ms)[0m   [0;1mPRAGMA index_list("restaurants")[0m
  [4;35;1mSQL (0.1ms)[0m   [0mPRAGMA index_list("test_models")[0m


Processing ApplicationController#index (for 127.0.0.1 at 2010-04-17 11:41:44) [GET]

ActionController::RoutingError (No route matches "/restaurants/new" with {:method=>:get}):
  

Rendering rescues/layout (not_found)


Processing ApplicationController#index (for 127.0.0.1 at 2010-04-17 11:41:45) [GET]

ActionController::RoutingError (No route matches "/restaurants/new" with {:method=>:get}):
  

Rendering rescues/layout (not_found)


Processing Rails::InfoController#properties (for 127.0.0.1 at 2010-04-17 11:41:50) [GET]
  [4;35;1mSQL (0.7ms)[0m   [0m SELECT name
 FROM sqlite_master
 WHERE type = 'table' AND NOT name = 'sqlite_sequence'
[0m
  [4;36;1mSQL (0.3ms)[0m   [0;1mSELECT version FROM schema_migrations[0m
Completed in 17ms (View: 2, DB: 1) | 200 OK [http://localhost/rails/info/properties]
